#
# A fatal error has been detected by the Java Runtime Environment:
#
#  EXCEPTION_ACCESS_VIOLATION (0xc0000005) at pc=0x00007fff0b7ad62c, pid=21568, tid=13592
#
# JRE version: OpenJDK Runtime Environment Temurin-11.0.14.1+1 (11.0.14.1+1) (build 11.0.14.1+1)
# Java VM: OpenJDK 64-Bit Server VM Temurin-11.0.14.1+1 (11.0.14.1+1, mixed mode, tiered, compressed oops, g1 gc, windows-amd64)
# Problematic frame:
# V  [jvm.dll+0x32d62c]
#
# No core dump will be written. Minidumps are not enabled by default on client versions of Windows
#
# If you would like to submit a bug report, please visit:
#   https://github.com/adoptium/adoptium-support/issues
#

---------------  S U M M A R Y ------------

Command Line: -agentlib:jdwp=transport=dt_socket,suspend=y,address=localhost:56123 -ea -javaagent:C:\Users\j5577\Desktop\eclipse\configuration\org.eclipse.osgi\422\0\.cp\lib\javaagent-shaded.jar -Dfile.encoding=MS950 org.eclipse.jdt.internal.junit.runner.RemoteTestRunner -version 3 -port 56122 -testLoaderClass org.eclipse.jdt.internal.junit5.runner.JUnit5TestLoader -loaderpluginname org.eclipse.jdt.junit5.runtime -classNames com.example.demo.ArrayTest

Host: AMD Ryzen 5 5600H with Radeon Graphics         , 12 cores, 7G,  Windows 11 , 64 bit Build 22621 (10.0.22621.2428)
Time: Fri Nov  3 09:57:06 2023 台北標準時間 elapsed time: 1166.974074 seconds (0d 0h 19m 26s)

---------------  T H R E A D  ---------------

Current thread (0x000001eb99b45000):  VMThread "VM Thread" [stack: 0x00000094e1300000,0x00000094e1400000] [id=13592]

Stack: [0x00000094e1300000,0x00000094e1400000],  sp=0x00000094e13ff0c0,  free space=1020k
Native frames: (J=compiled Java code, j=interpreted, Vv=VM code, C=native code)
V  [jvm.dll+0x32d62c]
V  [jvm.dll+0x32f6e2]
V  [jvm.dll+0x33006e]
V  [jvm.dll+0x32d8cc]
V  [jvm.dll+0x32cb02]
V  [jvm.dll+0x60d4c5]
V  [jvm.dll+0x60d24d]
V  [jvm.dll+0x5d1d63]
V  [jvm.dll+0x4deac1]
V  [jvm.dll+0x7ae10c]
V  [jvm.dll+0x7b2247]
V  [jvm.dll+0x7b2ab9]
V  [jvm.dll+0x7b2e47]
V  [jvm.dll+0x766724]
V  [jvm.dll+0x61d3f6]
C  [ucrtbase.dll+0x29363]
C  [KERNEL32.DLL+0x1257d]
C  [ntdll.dll+0x5aa78]


siginfo: EXCEPTION_ACCESS_VIOLATION (0xc0000005), reading address 0x0000000000000006


Register to memory mapping:

RIP=0x00007fff0b7ad62c jvm.dll
RAX=0x0 is NULL
RBX=0x00000094e13ff380 points into unknown readable memory: 0x00007fff0bd7b378 | 78 b3 d7 0b ff 7f 00 00
RCX=0x0 is NULL
RDX=0x0 is NULL
RSP=0x00000094e13ff0c0 points into unknown readable memory: 0x0000000000000000 | 00 00 00 00 00 00 00 00
RBP=0x0000000000000001 is an unknown value
RSI=0x0000000000000001 is an unknown value
RDI=0x00007fff0bf2adc8 jvm.dll
R8 =0x0 is NULL
R9 =0x000001eb9b42b250 is pointing into metadata
R10=0x00007fff0b480000 jvm.dll
R11=0x00000094e13ff120 points into unknown readable memory: 0x00000094e13ff380 | 80 f3 3f e1 94 00 00 00
R12=0x000001eb99afe970 points into unknown readable memory: 0x0000000000000000 | 00 00 00 00 00 00 00 00
R13=0x0 is NULL
R14=0x000001eb9b42b50f is pointing into metadata
R15=0x0000000000000027 is an unknown value


Registers:
RAX=0x0000000000000000, RBX=0x00000094e13ff380, RCX=0x0000000000000000, RDX=0x0000000000000000
RSP=0x00000094e13ff0c0, RBP=0x0000000000000001, RSI=0x0000000000000001, RDI=0x00007fff0bf2adc8
R8 =0x0000000000000000, R9 =0x000001eb9b42b250, R10=0x00007fff0b480000, R11=0x00000094e13ff120
R12=0x000001eb99afe970, R13=0x0000000000000000, R14=0x000001eb9b42b50f, R15=0x0000000000000027
RIP=0x00007fff0b7ad62c, EFLAGS=0x0000000000010212

Top of Stack: (sp=0x00000094e13ff0c0)
0x00000094e13ff0c0:   0000000000000000 00007fff0b7c1b0a
0x00000094e13ff0d0:   00000094e13ff150 000001eb99b45000
0x00000094e13ff0e0:   0000000000000000 0000000000000030
0x00000094e13ff0f0:   000000004600000b 00007fff0b7b1792
0x00000094e13ff100:   00001a5d07abcc5a 0000000000000000
0x00000094e13ff110:   000001eb9b42b50f 00000094e13ff1e0
0x00000094e13ff120:   00000094e13ff380 00007fff0b7af6e2
0x00000094e13ff130:   00000094e13ff380 000000000000001f
0x00000094e13ff140:   0000000000000001 000001ebfaafcb98
0x00000094e13ff150:   000000000000001f 00007fff0b7c1b0a
0x00000094e13ff160:   00000094e13ff1e0 6666666666666667
0x00000094e13ff170:   0000000000000000 00000000000000b1
0x00000094e13ff180:   00000094e13ff1e0 00007fff0b5a4a1e
0x00000094e13ff190:   0000000000000027 000001eb9b42b50f
0x00000094e13ff1a0:   00000094e13ff210 00000000000000b2
0x00000094e13ff1b0:   00000000000000b2 00007fff0b7b006e 

Instructions: (pc=0x00007fff0b7ad62c)
0x00007fff0b7ad52c:   81 8b 75 58 41 81 e0 ff ff ff 00 41 81 c8 00 00
0x00007fff0b7ad53c:   00 47 48 8b cd 45 89 06 c7 45 58 01 00 00 00 e8
0x00007fff0b7ad54c:   60 3a 00 00 66 83 7c 24 68 00 41 89 1e 89 75 58
0x00007fff0b7ad55c:   74 40 8b 4c 24 70 49 ff c7 0f b7 c1 48 83 c7 08
0x00007fff0b7ad56c:   4c 3b f8 0f 8c 4b ff ff ff 83 7d 5c 00 74 23 48
0x00007fff0b7ad57c:   83 3d 4d d9 77 00 00 74 15 80 7d 42 00 74 0f 48
0x00007fff0b7ad58c:   8d 15 26 ee 58 00 48 8b cd e8 e6 45 00 00 c6 45
0x00007fff0b7ad59c:   42 00 4c 8b 74 24 28 4c 8b 6c 24 30 4c 8b 64 24
0x00007fff0b7ad5ac:   38 48 8b 7c 24 40 48 8b 74 24 48 48 8b 5c 24 60
0x00007fff0b7ad5bc:   4c 8b 7c 24 20 48 83 c4 50 5d c3 cc cc cc cc cc
0x00007fff0b7ad5cc:   cc cc cc cc 48 89 5c 24 10 48 89 6c 24 18 56 57
0x00007fff0b7ad5dc:   41 56 48 83 ec 50 48 8b 05 5f aa 74 00 48 33 c4
0x00007fff0b7ad5ec:   48 89 44 24 40 48 8b 41 08 48 8b d9 41 8b e8 8b
0x00007fff0b7ad5fc:   f2 45 33 c0 41 8b d1 48 8b 48 08 48 8b 79 08 48
0x00007fff0b7ad60c:   8b cf e8 3d b1 f1 ff 8b d0 48 8b cf e8 93 df f1
0x00007fff0b7ad61c:   ff 48 63 c8 48 8b 44 cf 40 48 8d 3d 9c d7 77 00
0x00007fff0b7ad62c:   0f b6 48 06 8b 05 8e d7 77 00 80 f9 4c 74 2b 80
0x00007fff0b7ad63c:   f9 5b 74 26 80 f9 4a 74 18 80 f9 44 74 13 80 f9
0x00007fff0b7ad64c:   56 48 8d 15 84 d7 77 00 4c 8b d7 4c 0f 45 d2 eb
0x00007fff0b7ad65c:   29 4c 8d 15 a4 d7 77 00 eb 20 8b 8c 24 90 00 00
0x00007fff0b7ad66c:   00 4c 8d 54 24 30 81 e1 ff ff ff 00 89 44 24 34
0x00007fff0b7ad67c:   81 c9 00 00 00 46 89 4c 24 30 45 33 c0 85 f6 74
0x00007fff0b7ad68c:   05 49 8b fa eb 2a 41 8b 0a 85 c9 74 23 49 8b d0
0x00007fff0b7ad69c:   4d 8b c8 90 42 89 4c 0c 20 48 8d 52 01 4c 8d 0c
0x00007fff0b7ad6ac:   95 00 00 00 00 41 ff c0 43 8b 0c 11 85 c9 75 e4
0x00007fff0b7ad6bc:   85 ed 75 10 8b 0d 96 50 71 00 49 63 d0 41 ff c0
0x00007fff0b7ad6cc:   89 4c 94 20 49 63 c8 4c 8d 74 24 20 89 44 8c 20
0x00007fff0b7ad6dc:   8b 74 24 20 85 f6 74 4c 48 63 53 58 85 d2 7f 18
0x00007fff0b7ad6ec:   48 8d 15 e5 f4 54 00 48 8b cb e8 85 4f 00 00 44
0x00007fff0b7ad6fc:   8b 05 ce d6 77 00 eb 16 48 63 4b 20 8d 42 ff 89
0x00007fff0b7ad70c:   43 58 48 03 ca 48 8b 43 48 44 8b 44 88 fc 8b d6
0x00007fff0b7ad71c:   48 8b cb e8 1c f1 ff ff 41 8b 76 04 49 83 c6 04 


Stack slot to memory mapping:
stack at sp + 0 slots: 0x0 is NULL
stack at sp + 1 slots: 0x00007fff0b7c1b0a jvm.dll
stack at sp + 2 slots: 0x00000094e13ff150 points into unknown readable memory: 0x000000000000001f | 1f 00 00 00 00 00 00 00
stack at sp + 3 slots: 0x000001eb99b45000 points into unknown readable memory: 0x00007fff0bdba588 | 88 a5 db 0b ff 7f 00 00
stack at sp + 4 slots: 0x0 is NULL
stack at sp + 5 slots: 0x0000000000000030 is an unknown value
stack at sp + 6 slots: 0x000000004600000b is an unknown value
stack at sp + 7 slots: 0x00007fff0b7b1792 jvm.dll

VM_Operation (0x00000094e1eff340): GetOrSetLocal, mode: safepoint, requested by thread 0x000001eb9a6e9000


---------------  P R O C E S S  ---------------

Threads class SMR info:
_java_thread_list=0x000001eb9b75d020, length=14, elements={
0x000001ebfab09000, 0x000001eb99b68000, 0x000001eb99b72000, 0x000001eb9a3eb000,
0x000001eb9a3ec000, 0x000001eb9a3ed000, 0x000001eb99b8b000, 0x000001eb99b8c000,
0x000001eb99b8c800, 0x000001eb99b01000, 0x000001eb9a6e9000, 0x000001eb9a73a800,
0x000001eb9a73b800, 0x000001eb9aef2800
}

Java Threads: ( => current thread )
  0x000001ebfab09000 JavaThread "main" [_thread_blocked, id=5160, stack(0x00000094e0d00000,0x00000094e0e00000)]
  0x000001eb99b68000 JavaThread "Reference Handler" daemon [_thread_blocked, id=996, stack(0x00000094e1400000,0x00000094e1500000)]
  0x000001eb99b72000 JavaThread "Finalizer" daemon [_thread_blocked, id=15060, stack(0x00000094e1500000,0x00000094e1600000)]
  0x000001eb9a3eb000 JavaThread "Signal Dispatcher" daemon [_thread_blocked, id=18656, stack(0x00000094e1600000,0x00000094e1700000)]
  0x000001eb9a3ec000 JavaThread "Attach Listener" daemon [_thread_blocked, id=2948, stack(0x00000094e1700000,0x00000094e1800000)]
  0x000001eb9a3ed000 JavaThread "Service Thread" daemon [_thread_blocked, id=5568, stack(0x00000094e1800000,0x00000094e1900000)]
  0x000001eb99b8b000 JavaThread "C2 CompilerThread0" daemon [_thread_blocked, id=19516, stack(0x00000094e1900000,0x00000094e1a00000)]
  0x000001eb99b8c000 JavaThread "C1 CompilerThread0" daemon [_thread_blocked, id=508, stack(0x00000094e1a00000,0x00000094e1b00000)]
  0x000001eb99b8c800 JavaThread "Sweeper thread" daemon [_thread_blocked, id=9552, stack(0x00000094e1b00000,0x00000094e1c00000)]
  0x000001eb99b01000 JavaThread "Common-Cleaner" daemon [_thread_blocked, id=16960, stack(0x00000094e1c00000,0x00000094e1d00000)]
  0x000001eb9a6e9000 JavaThread "JDWP Transport Listener: dt_socket" daemon [_thread_blocked, id=15752, stack(0x00000094e1e00000,0x00000094e1f00000)] _threads_hazard_ptr=0x000001eb9b75d020
  0x000001eb9a73a800 JavaThread "JDWP Event Helper Thread" daemon [_thread_blocked, id=10620, stack(0x00000094e1f00000,0x00000094e2000000)]
  0x000001eb9a73b800 JavaThread "JDWP Command Reader" daemon [_thread_in_native, id=164, stack(0x00000094e2000000,0x00000094e2100000)]
  0x000001eb9aef2800 JavaThread "ReaderThread" [_thread_in_native, id=21248, stack(0x00000094e2300000,0x00000094e2400000)]

Other Threads:
=>0x000001eb99b45000 VMThread "VM Thread" [stack: 0x00000094e1300000,0x00000094e1400000] [id=13592]
  0x000001eb9a8a5000 WatcherThread [stack: 0x00000094e2200000,0x00000094e2300000] [id=13164]
  0x000001ebfab21000 GCTaskThread "GC Thread#0" [stack: 0x00000094e0e00000,0x00000094e0f00000] [id=1780]
  0x000001eb9b4f7800 GCTaskThread "GC Thread#1" [stack: 0x00000094e2400000,0x00000094e2500000] [id=21860]
  0x000001eb9b4f8000 GCTaskThread "GC Thread#2" [stack: 0x00000094e2500000,0x00000094e2600000] [id=12500]
  0x000001eb9ad8b800 GCTaskThread "GC Thread#3" [stack: 0x00000094e2600000,0x00000094e2700000] [id=14252]
  0x000001ebfab51000 ConcurrentGCThread "G1 Main Marker" [stack: 0x00000094e0f00000,0x00000094e1000000] [id=9812]
  0x000001ebfab53000 ConcurrentGCThread "G1 Conc#0" [stack: 0x00000094e1000000,0x00000094e1100000] [id=8584]
  0x000001eb999ad800 ConcurrentGCThread "G1 Refine#0" [stack: 0x00000094e1100000,0x00000094e1200000] [id=21352]
  0x000001eb999ae800 ConcurrentGCThread "G1 Young RemSet Sampling" [stack: 0x00000094e1200000,0x00000094e1300000] [id=21904]

Threads with active compile tasks:

VM state:at safepoint (normal execution)

VM Mutex/Monitor currently owned by a thread:  ([mutex/lock_event])
[0x000001ebfab04ad0] Threads_lock - owner thread: 0x000001eb99b45000

Heap address: 0x0000000089800000, size: 1896 MB, Compressed Oops mode: 32-bit
Narrow klass base: 0x0000000000000000, Narrow klass shift: 3
Compressed class space size: 1073741824 Address: 0x0000000100000000

Heap:
 garbage-first heap   total 122880K, used 21469K [0x0000000089800000, 0x0000000100000000)
  region size 1024K, 20 young (20480K), 3 survivors (3072K)
 Metaspace       used 14386K, capacity 14956K, committed 15232K, reserved 1062912K
  class space    used 1455K, capacity 1641K, committed 1664K, reserved 1048576K
Heap Regions: E=young(eden), S=young(survivor), O=old, HS=humongous(starts), HC=humongous(continues), CS=collection set, F=free, A=archive, TAMS=top-at-mark-start (previous, next)
|   0|0x0000000089800000, 0x0000000089900000, 0x0000000089900000|100%| O|  |TAMS 0x0000000089800000, 0x0000000089800000| Untracked 
|   1|0x0000000089900000, 0x00000000899f7400, 0x0000000089a00000| 96%| O|  |TAMS 0x0000000089900000, 0x0000000089900000| Untracked 
|   2|0x0000000089a00000, 0x0000000089a00000, 0x0000000089b00000|  0%| F|  |TAMS 0x0000000089a00000, 0x0000000089a00000| Untracked 
|   3|0x0000000089b00000, 0x0000000089b00000, 0x0000000089c00000|  0%| F|  |TAMS 0x0000000089b00000, 0x0000000089b00000| Untracked 
|   4|0x0000000089c00000, 0x0000000089c00000, 0x0000000089d00000|  0%| F|  |TAMS 0x0000000089c00000, 0x0000000089c00000| Untracked 
|   5|0x0000000089d00000, 0x0000000089d00000, 0x0000000089e00000|  0%| F|  |TAMS 0x0000000089d00000, 0x0000000089d00000| Untracked 
|   6|0x0000000089e00000, 0x0000000089e00000, 0x0000000089f00000|  0%| F|  |TAMS 0x0000000089e00000, 0x0000000089e00000| Untracked 
|   7|0x0000000089f00000, 0x0000000089f00000, 0x000000008a000000|  0%| F|  |TAMS 0x0000000089f00000, 0x0000000089f00000| Untracked 
|   8|0x000000008a000000, 0x000000008a000000, 0x000000008a100000|  0%| F|  |TAMS 0x000000008a000000, 0x000000008a000000| Untracked 
|   9|0x000000008a100000, 0x000000008a100000, 0x000000008a200000|  0%| F|  |TAMS 0x000000008a100000, 0x000000008a100000| Untracked 
|  10|0x000000008a200000, 0x000000008a200000, 0x000000008a300000|  0%| F|  |TAMS 0x000000008a200000, 0x000000008a200000| Untracked 
|  11|0x000000008a300000, 0x000000008a300000, 0x000000008a400000|  0%| F|  |TAMS 0x000000008a300000, 0x000000008a300000| Untracked 
|  12|0x000000008a400000, 0x000000008a400000, 0x000000008a500000|  0%| F|  |TAMS 0x000000008a400000, 0x000000008a400000| Untracked 
|  13|0x000000008a500000, 0x000000008a500000, 0x000000008a600000|  0%| F|  |TAMS 0x000000008a500000, 0x000000008a500000| Untracked 
|  14|0x000000008a600000, 0x000000008a600000, 0x000000008a700000|  0%| F|  |TAMS 0x000000008a600000, 0x000000008a600000| Untracked 
|  15|0x000000008a700000, 0x000000008a700000, 0x000000008a800000|  0%| F|  |TAMS 0x000000008a700000, 0x000000008a700000| Untracked 
|  16|0x000000008a800000, 0x000000008a800000, 0x000000008a900000|  0%| F|  |TAMS 0x000000008a800000, 0x000000008a800000| Untracked 
|  17|0x000000008a900000, 0x000000008a900000, 0x000000008aa00000|  0%| F|  |TAMS 0x000000008a900000, 0x000000008a900000| Untracked 
|  18|0x000000008aa00000, 0x000000008aa00000, 0x000000008ab00000|  0%| F|  |TAMS 0x000000008aa00000, 0x000000008aa00000| Untracked 
|  19|0x000000008ab00000, 0x000000008ab00000, 0x000000008ac00000|  0%| F|  |TAMS 0x000000008ab00000, 0x000000008ab00000| Untracked 
|  20|0x000000008ac00000, 0x000000008ac00000, 0x000000008ad00000|  0%| F|  |TAMS 0x000000008ac00000, 0x000000008ac00000| Untracked 
|  21|0x000000008ad00000, 0x000000008ad00000, 0x000000008ae00000|  0%| F|  |TAMS 0x000000008ad00000, 0x000000008ad00000| Untracked 
|  22|0x000000008ae00000, 0x000000008ae00000, 0x000000008af00000|  0%| F|  |TAMS 0x000000008ae00000, 0x000000008ae00000| Untracked 
|  23|0x000000008af00000, 0x000000008af00000, 0x000000008b000000|  0%| F|  |TAMS 0x000000008af00000, 0x000000008af00000| Untracked 
|  24|0x000000008b000000, 0x000000008b000000, 0x000000008b100000|  0%| F|  |TAMS 0x000000008b000000, 0x000000008b000000| Untracked 
|  25|0x000000008b100000, 0x000000008b100000, 0x000000008b200000|  0%| F|  |TAMS 0x000000008b100000, 0x000000008b100000| Untracked 
|  26|0x000000008b200000, 0x000000008b200000, 0x000000008b300000|  0%| F|  |TAMS 0x000000008b200000, 0x000000008b200000| Untracked 
|  27|0x000000008b300000, 0x000000008b300000, 0x000000008b400000|  0%| F|  |TAMS 0x000000008b300000, 0x000000008b300000| Untracked 
|  28|0x000000008b400000, 0x000000008b400000, 0x000000008b500000|  0%| F|  |TAMS 0x000000008b400000, 0x000000008b400000| Untracked 
|  29|0x000000008b500000, 0x000000008b500000, 0x000000008b600000|  0%| F|  |TAMS 0x000000008b500000, 0x000000008b500000| Untracked 
|  30|0x000000008b600000, 0x000000008b600000, 0x000000008b700000|  0%| F|  |TAMS 0x000000008b600000, 0x000000008b600000| Untracked 
|  31|0x000000008b700000, 0x000000008b700000, 0x000000008b800000|  0%| F|  |TAMS 0x000000008b700000, 0x000000008b700000| Untracked 
|  32|0x000000008b800000, 0x000000008b800000, 0x000000008b900000|  0%| F|  |TAMS 0x000000008b800000, 0x000000008b800000| Untracked 
|  33|0x000000008b900000, 0x000000008b900000, 0x000000008ba00000|  0%| F|  |TAMS 0x000000008b900000, 0x000000008b900000| Untracked 
|  34|0x000000008ba00000, 0x000000008ba00000, 0x000000008bb00000|  0%| F|  |TAMS 0x000000008ba00000, 0x000000008ba00000| Untracked 
|  35|0x000000008bb00000, 0x000000008bb00000, 0x000000008bc00000|  0%| F|  |TAMS 0x000000008bb00000, 0x000000008bb00000| Untracked 
|  36|0x000000008bc00000, 0x000000008bc00000, 0x000000008bd00000|  0%| F|  |TAMS 0x000000008bc00000, 0x000000008bc00000| Untracked 
|  37|0x000000008bd00000, 0x000000008bd00000, 0x000000008be00000|  0%| F|  |TAMS 0x000000008bd00000, 0x000000008bd00000| Untracked 
|  38|0x000000008be00000, 0x000000008be00000, 0x000000008bf00000|  0%| F|  |TAMS 0x000000008be00000, 0x000000008be00000| Untracked 
|  39|0x000000008bf00000, 0x000000008bf00000, 0x000000008c000000|  0%| F|  |TAMS 0x000000008bf00000, 0x000000008bf00000| Untracked 
|  40|0x000000008c000000, 0x000000008c000000, 0x000000008c100000|  0%| F|  |TAMS 0x000000008c000000, 0x000000008c000000| Untracked 
|  41|0x000000008c100000, 0x000000008c100000, 0x000000008c200000|  0%| F|  |TAMS 0x000000008c100000, 0x000000008c100000| Untracked 
|  42|0x000000008c200000, 0x000000008c200000, 0x000000008c300000|  0%| F|  |TAMS 0x000000008c200000, 0x000000008c200000| Untracked 
|  43|0x000000008c300000, 0x000000008c300000, 0x000000008c400000|  0%| F|  |TAMS 0x000000008c300000, 0x000000008c300000| Untracked 
|  44|0x000000008c400000, 0x000000008c400000, 0x000000008c500000|  0%| F|  |TAMS 0x000000008c400000, 0x000000008c400000| Untracked 
|  45|0x000000008c500000, 0x000000008c500000, 0x000000008c600000|  0%| F|  |TAMS 0x000000008c500000, 0x000000008c500000| Untracked 
|  46|0x000000008c600000, 0x000000008c600000, 0x000000008c700000|  0%| F|  |TAMS 0x000000008c600000, 0x000000008c600000| Untracked 
|  47|0x000000008c700000, 0x000000008c700000, 0x000000008c800000|  0%| F|  |TAMS 0x000000008c700000, 0x000000008c700000| Untracked 
|  48|0x000000008c800000, 0x000000008c800000, 0x000000008c900000|  0%| F|  |TAMS 0x000000008c800000, 0x000000008c800000| Untracked 
|  49|0x000000008c900000, 0x000000008c900000, 0x000000008ca00000|  0%| F|  |TAMS 0x000000008c900000, 0x000000008c900000| Untracked 
|  50|0x000000008ca00000, 0x000000008ca00000, 0x000000008cb00000|  0%| F|  |TAMS 0x000000008ca00000, 0x000000008ca00000| Untracked 
|  51|0x000000008cb00000, 0x000000008cb00000, 0x000000008cc00000|  0%| F|  |TAMS 0x000000008cb00000, 0x000000008cb00000| Untracked 
|  52|0x000000008cc00000, 0x000000008cc00000, 0x000000008cd00000|  0%| F|  |TAMS 0x000000008cc00000, 0x000000008cc00000| Untracked 
|  53|0x000000008cd00000, 0x000000008cd00000, 0x000000008ce00000|  0%| F|  |TAMS 0x000000008cd00000, 0x000000008cd00000| Untracked 
|  54|0x000000008ce00000, 0x000000008ce00000, 0x000000008cf00000|  0%| F|  |TAMS 0x000000008ce00000, 0x000000008ce00000| Untracked 
|  55|0x000000008cf00000, 0x000000008cf00000, 0x000000008d000000|  0%| F|  |TAMS 0x000000008cf00000, 0x000000008cf00000| Untracked 
|  56|0x000000008d000000, 0x000000008d000000, 0x000000008d100000|  0%| F|  |TAMS 0x000000008d000000, 0x000000008d000000| Untracked 
|  57|0x000000008d100000, 0x000000008d100000, 0x000000008d200000|  0%| F|  |TAMS 0x000000008d100000, 0x000000008d100000| Untracked 
|  58|0x000000008d200000, 0x000000008d200000, 0x000000008d300000|  0%| F|  |TAMS 0x000000008d200000, 0x000000008d200000| Untracked 
|  59|0x000000008d300000, 0x000000008d300000, 0x000000008d400000|  0%| F|  |TAMS 0x000000008d300000, 0x000000008d300000| Untracked 
|  60|0x000000008d400000, 0x000000008d400000, 0x000000008d500000|  0%| F|  |TAMS 0x000000008d400000, 0x000000008d400000| Untracked 
|  61|0x000000008d500000, 0x000000008d500000, 0x000000008d600000|  0%| F|  |TAMS 0x000000008d500000, 0x000000008d500000| Untracked 
|  62|0x000000008d600000, 0x000000008d600000, 0x000000008d700000|  0%| F|  |TAMS 0x000000008d600000, 0x000000008d600000| Untracked 
|  63|0x000000008d700000, 0x000000008d700000, 0x000000008d800000|  0%| F|  |TAMS 0x000000008d700000, 0x000000008d700000| Untracked 
|  64|0x000000008d800000, 0x000000008d800000, 0x000000008d900000|  0%| F|  |TAMS 0x000000008d800000, 0x000000008d800000| Untracked 
|  65|0x000000008d900000, 0x000000008d900000, 0x000000008da00000|  0%| F|  |TAMS 0x000000008d900000, 0x000000008d900000| Untracked 
|  66|0x000000008da00000, 0x000000008da00000, 0x000000008db00000|  0%| F|  |TAMS 0x000000008da00000, 0x000000008da00000| Untracked 
|  67|0x000000008db00000, 0x000000008db00000, 0x000000008dc00000|  0%| F|  |TAMS 0x000000008db00000, 0x000000008db00000| Untracked 
|  68|0x000000008dc00000, 0x000000008dc00000, 0x000000008dd00000|  0%| F|  |TAMS 0x000000008dc00000, 0x000000008dc00000| Untracked 
|  69|0x000000008dd00000, 0x000000008dd00000, 0x000000008de00000|  0%| F|  |TAMS 0x000000008dd00000, 0x000000008dd00000| Untracked 
|  70|0x000000008de00000, 0x000000008de00000, 0x000000008df00000|  0%| F|  |TAMS 0x000000008de00000, 0x000000008de00000| Untracked 
|  71|0x000000008df00000, 0x000000008df00000, 0x000000008e000000|  0%| F|  |TAMS 0x000000008df00000, 0x000000008df00000| Untracked 
|  72|0x000000008e000000, 0x000000008e000000, 0x000000008e100000|  0%| F|  |TAMS 0x000000008e000000, 0x000000008e000000| Untracked 
|  73|0x000000008e100000, 0x000000008e100000, 0x000000008e200000|  0%| F|  |TAMS 0x000000008e100000, 0x000000008e100000| Untracked 
|  74|0x000000008e200000, 0x000000008e200000, 0x000000008e300000|  0%| F|  |TAMS 0x000000008e200000, 0x000000008e200000| Untracked 
|  75|0x000000008e300000, 0x000000008e300000, 0x000000008e400000|  0%| F|  |TAMS 0x000000008e300000, 0x000000008e300000| Untracked 
|  76|0x000000008e400000, 0x000000008e400000, 0x000000008e500000|  0%| F|  |TAMS 0x000000008e400000, 0x000000008e400000| Untracked 
|  77|0x000000008e500000, 0x000000008e500000, 0x000000008e600000|  0%| F|  |TAMS 0x000000008e500000, 0x000000008e500000| Untracked 
|  78|0x000000008e600000, 0x000000008e600000, 0x000000008e700000|  0%| F|  |TAMS 0x000000008e600000, 0x000000008e600000| Untracked 
|  79|0x000000008e700000, 0x000000008e700000, 0x000000008e800000|  0%| F|  |TAMS 0x000000008e700000, 0x000000008e700000| Untracked 
|  80|0x000000008e800000, 0x000000008e800000, 0x000000008e900000|  0%| F|  |TAMS 0x000000008e800000, 0x000000008e800000| Untracked 
|  81|0x000000008e900000, 0x000000008e900000, 0x000000008ea00000|  0%| F|  |TAMS 0x000000008e900000, 0x000000008e900000| Untracked 
|  82|0x000000008ea00000, 0x000000008ea00000, 0x000000008eb00000|  0%| F|  |TAMS 0x000000008ea00000, 0x000000008ea00000| Untracked 
|  83|0x000000008eb00000, 0x000000008eb00000, 0x000000008ec00000|  0%| F|  |TAMS 0x000000008eb00000, 0x000000008eb00000| Untracked 
|  84|0x000000008ec00000, 0x000000008ec00000, 0x000000008ed00000|  0%| F|  |TAMS 0x000000008ec00000, 0x000000008ec00000| Untracked 
|  85|0x000000008ed00000, 0x000000008ed00000, 0x000000008ee00000|  0%| F|  |TAMS 0x000000008ed00000, 0x000000008ed00000| Untracked 
|  86|0x000000008ee00000, 0x000000008ee00000, 0x000000008ef00000|  0%| F|  |TAMS 0x000000008ee00000, 0x000000008ee00000| Untracked 
|  87|0x000000008ef00000, 0x000000008ef00000, 0x000000008f000000|  0%| F|  |TAMS 0x000000008ef00000, 0x000000008ef00000| Untracked 
|  88|0x000000008f000000, 0x000000008f000000, 0x000000008f100000|  0%| F|  |TAMS 0x000000008f000000, 0x000000008f000000| Untracked 
|  89|0x000000008f100000, 0x000000008f100000, 0x000000008f200000|  0%| F|  |TAMS 0x000000008f100000, 0x000000008f100000| Untracked 
|  90|0x000000008f200000, 0x000000008f200000, 0x000000008f300000|  0%| F|  |TAMS 0x000000008f200000, 0x000000008f200000| Untracked 
|  91|0x000000008f300000, 0x000000008f300000, 0x000000008f400000|  0%| F|  |TAMS 0x000000008f300000, 0x000000008f300000| Untracked 
|  92|0x000000008f400000, 0x000000008f400000, 0x000000008f500000|  0%| F|  |TAMS 0x000000008f400000, 0x000000008f400000| Untracked 
|  93|0x000000008f500000, 0x000000008f600000, 0x000000008f600000|100%| S|CS|TAMS 0x000000008f500000, 0x000000008f500000| Complete 
|  94|0x000000008f600000, 0x000000008f700000, 0x000000008f700000|100%| S|CS|TAMS 0x000000008f600000, 0x000000008f600000| Complete 
|  95|0x000000008f700000, 0x000000008f800000, 0x000000008f800000|100%| S|CS|TAMS 0x000000008f700000, 0x000000008f700000| Complete 
|  96|0x000000008f800000, 0x000000008f800000, 0x000000008f900000|  0%| F|  |TAMS 0x000000008f800000, 0x000000008f800000| Untracked 
|  97|0x000000008f900000, 0x000000008f900000, 0x000000008fa00000|  0%| F|  |TAMS 0x000000008f900000, 0x000000008f900000| Untracked 
|  98|0x000000008fa00000, 0x000000008fa00000, 0x000000008fb00000|  0%| F|  |TAMS 0x000000008fa00000, 0x000000008fa00000| Untracked 
|  99|0x000000008fb00000, 0x000000008fb00000, 0x000000008fc00000|  0%| F|  |TAMS 0x000000008fb00000, 0x000000008fb00000| Untracked 
| 100|0x000000008fc00000, 0x000000008fc00000, 0x000000008fd00000|  0%| F|  |TAMS 0x000000008fc00000, 0x000000008fc00000| Untracked 
| 101|0x000000008fd00000, 0x000000008fd00000, 0x000000008fe00000|  0%| F|  |TAMS 0x000000008fd00000, 0x000000008fd00000| Untracked 
| 102|0x000000008fe00000, 0x000000008fe00000, 0x000000008ff00000|  0%| F|  |TAMS 0x000000008fe00000, 0x000000008fe00000| Untracked 
| 103|0x000000008ff00000, 0x000000008ff80800, 0x0000000090000000| 50%| E|  |TAMS 0x000000008ff00000, 0x000000008ff00000| Complete 
| 104|0x0000000090000000, 0x0000000090100000, 0x0000000090100000|100%| E|CS|TAMS 0x0000000090000000, 0x0000000090000000| Complete 
| 105|0x0000000090100000, 0x0000000090200000, 0x0000000090200000|100%| E|CS|TAMS 0x0000000090100000, 0x0000000090100000| Complete 
| 106|0x0000000090200000, 0x0000000090300000, 0x0000000090300000|100%| E|CS|TAMS 0x0000000090200000, 0x0000000090200000| Complete 
| 107|0x0000000090300000, 0x0000000090400000, 0x0000000090400000|100%| E|CS|TAMS 0x0000000090300000, 0x0000000090300000| Complete 
| 108|0x0000000090400000, 0x0000000090500000, 0x0000000090500000|100%| E|CS|TAMS 0x0000000090400000, 0x0000000090400000| Complete 
| 109|0x0000000090500000, 0x0000000090600000, 0x0000000090600000|100%| E|CS|TAMS 0x0000000090500000, 0x0000000090500000| Complete 
| 110|0x0000000090600000, 0x0000000090700000, 0x0000000090700000|100%| E|CS|TAMS 0x0000000090600000, 0x0000000090600000| Complete 
| 111|0x0000000090700000, 0x0000000090800000, 0x0000000090800000|100%| E|CS|TAMS 0x0000000090700000, 0x0000000090700000| Complete 
| 112|0x0000000090800000, 0x0000000090900000, 0x0000000090900000|100%| E|CS|TAMS 0x0000000090800000, 0x0000000090800000| Complete 
| 113|0x0000000090900000, 0x0000000090a00000, 0x0000000090a00000|100%| E|CS|TAMS 0x0000000090900000, 0x0000000090900000| Complete 
| 114|0x0000000090a00000, 0x0000000090b00000, 0x0000000090b00000|100%| E|CS|TAMS 0x0000000090a00000, 0x0000000090a00000| Complete 
| 115|0x0000000090b00000, 0x0000000090c00000, 0x0000000090c00000|100%| E|CS|TAMS 0x0000000090b00000, 0x0000000090b00000| Complete 
| 116|0x0000000090c00000, 0x0000000090d00000, 0x0000000090d00000|100%| E|CS|TAMS 0x0000000090c00000, 0x0000000090c00000| Complete 
| 117|0x0000000090d00000, 0x0000000090e00000, 0x0000000090e00000|100%| E|CS|TAMS 0x0000000090d00000, 0x0000000090d00000| Complete 
| 118|0x0000000090e00000, 0x0000000090f00000, 0x0000000090f00000|100%| E|CS|TAMS 0x0000000090e00000, 0x0000000090e00000| Complete 
| 119|0x0000000090f00000, 0x0000000091000000, 0x0000000091000000|100%| E|CS|TAMS 0x0000000090f00000, 0x0000000090f00000| Complete 

Card table byte_map: [0x000001ebfb4e0000,0x000001ebfb8a0000] _byte_map_base: 0x000001ebfb094000

Marking Bits (Prev, Next): (CMBitMap*) 0x000001ebfab48968, (CMBitMap*) 0x000001ebfab489a0
 Prev Bits: [0x000001ebfbc60000, 0x000001ebfda00000)
 Next Bits: [0x000001ebfda00000, 0x000001ebff7a0000)

Polling page: 0x000001ebfa2d0000

Metaspace:

Usage:
  Non-class:     13.00 MB capacity,    12.63 MB ( 97%) used,   329.88 KB (  2%) free+waste,    53.50 KB ( <1%) overhead. 
      Class:      1.60 MB capacity,     1.42 MB ( 89%) used,   160.09 KB ( 10%) free+waste,    25.75 KB (  2%) overhead. 
       Both:     14.61 MB capacity,    14.05 MB ( 96%) used,   489.97 KB (  3%) free+waste,    79.25 KB ( <1%) overhead. 

Virtual space:
  Non-class space:       14.00 MB reserved,      13.25 MB ( 95%) committed 
      Class space:        1.00 GB reserved,       1.63 MB ( <1%) committed 
             Both:        1.01 GB reserved,      14.88 MB (  1%) committed 

Chunk freelists:
   Non-Class:  0 bytes
       Class:  0 bytes
        Both:  0 bytes

MaxMetaspaceSize: 17179869184.00 GB
CompressedClassSpaceSize: 1.00 GB
Initial GC threshold: 20.80 MB
Current GC threshold: 20.80 MB
CDS: off

CodeHeap 'non-profiled nmethods': size=120000Kb used=515Kb max_used=515Kb free=119484Kb
 bounds [0x000001eb90130000, 0x000001eb903a0000, 0x000001eb97660000]
CodeHeap 'profiled nmethods': size=120000Kb used=2615Kb max_used=2615Kb free=117385Kb
 bounds [0x000001eb88c00000, 0x000001eb88e90000, 0x000001eb90130000]
CodeHeap 'non-nmethods': size=5760Kb used=1207Kb max_used=1235Kb free=4552Kb
 bounds [0x000001eb88660000, 0x000001eb888d0000, 0x000001eb88c00000]
 total_blobs=1696 nmethods=1314 adapters=303
 compilation: enabled
              stopped_count=0, restarted_count=0
 full_count=0

Compilation events (20 events):
Event: 1.641 Thread 0x000001eb99b8c000 1304   !   3       java.util.zip.Inflater::needsInput (55 bytes)
Event: 1.642 Thread 0x000001eb99b8c000 nmethod 1304 0x000001eb88e87410 code [0x000001eb88e875e0, 0x000001eb88e87a58]
Event: 1.642 Thread 0x000001eb99b8c000 1305       3       java.lang.invoke.MethodHandles$Lookup::linkMethodHandleConstant (220 bytes)
Event: 1.644 Thread 0x000001eb99b8c000 nmethod 1305 0x000001eb88e87b90 code [0x000001eb88e87f80, 0x000001eb88e89b78]
Event: 1.644 Thread 0x000001eb99b8c000 1306       3       java.util.stream.StreamSupport::stream (19 bytes)
Event: 1.644 Thread 0x000001eb99b8c000 nmethod 1306 0x000001eb88e8a490 code [0x000001eb88e8a6a0, 0x000001eb88e8aac8]
Event: 1.644 Thread 0x000001eb99b8c000 1307       3       java.util.stream.StreamOpFlag::fromCharacteristics (37 bytes)
Event: 1.644 Thread 0x000001eb99b8c000 nmethod 1307 0x000001eb88e8ac90 code [0x000001eb88e8ae60, 0x000001eb88e8b158]
Event: 1.645 Thread 0x000001eb99b8c000 1308       3       java.util.zip.ZipEntry::<init> (79 bytes)
Event: 1.645 Thread 0x000001eb9a581000 1310       4       jdk.internal.org.objectweb.asm.Item::isEqualTo (354 bytes)
Event: 1.646 Thread 0x000001eb99b8c000 nmethod 1308 0x000001eb88e8b290 code [0x000001eb88e8b4a0, 0x000001eb88e8ba38]
Event: 1.646 Thread 0x000001eb99b8c000 1309   !   3       java.util.zip.ZipFile$ZipFileInflaterInputStream::close (67 bytes)
Event: 1.647 Thread 0x000001eb99b8c000 nmethod 1309 0x000001eb88e8bc90 code [0x000001eb88e8bea0, 0x000001eb88e8c558]
Event: 1.652 Thread 0x000001eb99b8c000 1311       3       java.lang.StringUTF16::getChars (42 bytes)
Event: 1.653 Thread 0x000001eb9a581000 nmethod 1310 0x000001eb901afc10 code [0x000001eb901afde0, 0x000001eb901b05d8]
Event: 1.653 Thread 0x000001eb99b8c000 nmethod 1311 0x000001eb88e8c890 code [0x000001eb88e8ca60, 0x000001eb88e8cda8]
Event: 1.658 Thread 0x000001eb99b8c000 1312       3       jdk.internal.org.objectweb.asm.AnnotationWriter::put (109 bytes)
Event: 1.658 Thread 0x000001eb99b8c000 nmethod 1312 0x000001eb88e8cf90 code [0x000001eb88e8d1a0, 0x000001eb88e8d5d8]
Event: 1.659 Thread 0x000001eb99b8c000 1313       3       java.lang.invoke.InfoFromMemberName::getDeclaringClass (8 bytes)
Event: 1.659 Thread 0x000001eb99b8c000 nmethod 1313 0x000001eb88e8d890 code [0x000001eb88e8da40, 0x000001eb88e8db58]

GC Heap History (2 events):
Event: 1.329 GC heap before
{Heap before GC invocations=0 (full 0):
 garbage-first heap   total 122880K, used 23552K [0x0000000089800000, 0x0000000100000000)
  region size 1024K, 24 young (24576K), 0 survivors (0K)
 Metaspace       used 12163K, capacity 12509K, committed 12800K, reserved 1060864K
  class space    used 1129K, capacity 1231K, committed 1280K, reserved 1048576K
}
Event: 1.337 GC heap after
{Heap after GC invocations=1 (full 0):
 garbage-first heap   total 122880K, used 5085K [0x0000000089800000, 0x0000000100000000)
  region size 1024K, 3 young (3072K), 3 survivors (3072K)
 Metaspace       used 12163K, capacity 12509K, committed 12800K, reserved 1060864K
  class space    used 1129K, capacity 1231K, committed 1280K, reserved 1048576K
}

Deoptimization events (20 events):
Event: 1.390 Thread 0x000001ebfab09000 DEOPT PACKING pc=0x000001eb90191adc sp=0x00000094e0dfdc30
Event: 1.390 Thread 0x000001ebfab09000 DEOPT UNPACKING pc=0x000001eb886aa1af sp=0x00000094e0dfdb88 mode 2
Event: 1.391 Thread 0x000001ebfab09000 Uncommon trap: trap_request=0xffffffde fr.pc=0x000001eb90191adc relative=0x0000000000000e9c
Event: 1.391 Thread 0x000001ebfab09000 Uncommon trap: reason=class_check action=maybe_recompile pc=0x000001eb90191adc method=java.util.HashMap.putVal(ILjava/lang/Object;Ljava/lang/Object;ZZ)Ljava/lang/Object; @ 253 c2
Event: 1.391 Thread 0x000001ebfab09000 DEOPT PACKING pc=0x000001eb90191adc sp=0x00000094e0dfda80
Event: 1.391 Thread 0x000001ebfab09000 DEOPT UNPACKING pc=0x000001eb886aa1af sp=0x00000094e0dfd9d8 mode 2
Event: 1.517 Thread 0x000001ebfab09000 DEOPT PACKING pc=0x000001eb88c0ebe3 sp=0x00000094e0dfd7c0
Event: 1.517 Thread 0x000001ebfab09000 DEOPT UNPACKING pc=0x000001eb886aa95e sp=0x00000094e0dfccd8 mode 0
Event: 1.521 Thread 0x000001ebfab09000 DEOPT PACKING pc=0x000001eb88d9504f sp=0x00000094e0dfc170
Event: 1.521 Thread 0x000001ebfab09000 DEOPT UNPACKING pc=0x000001eb886aa95e sp=0x00000094e0dfb6b8 mode 0
Event: 1.523 Thread 0x000001ebfab09000 DEOPT PACKING pc=0x000001eb88cb5963 sp=0x00000094e0dfd8a0
Event: 1.523 Thread 0x000001ebfab09000 DEOPT UNPACKING pc=0x000001eb886aa95e sp=0x00000094e0dfcdc8 mode 0
Event: 1.555 Thread 0x000001ebfab09000 DEOPT PACKING pc=0x000001eb88da531c sp=0x00000094e0dfe0c0
Event: 1.555 Thread 0x000001ebfab09000 DEOPT UNPACKING pc=0x000001eb886aa95e sp=0x00000094e0dfd558 mode 1
Event: 1.555 Thread 0x000001ebfab09000 DEOPT PACKING pc=0x000001eb88d93a54 sp=0x00000094e0dfe190
Event: 1.555 Thread 0x000001ebfab09000 DEOPT UNPACKING pc=0x000001eb886aa95e sp=0x00000094e0dfd648 mode 1
Event: 1.651 Thread 0x000001ebfab09000 Uncommon trap: trap_request=0xffffff4d fr.pc=0x000001eb901438e4 relative=0x0000000000000044
Event: 1.651 Thread 0x000001ebfab09000 Uncommon trap: reason=unstable_if action=reinterpret pc=0x000001eb901438e4 method=java.lang.CharacterData.of(I)Ljava/lang/CharacterData; @ 4 c2
Event: 1.651 Thread 0x000001ebfab09000 DEOPT PACKING pc=0x000001eb901438e4 sp=0x00000094e0dfbda0
Event: 1.651 Thread 0x000001ebfab09000 DEOPT UNPACKING pc=0x000001eb886aa1af sp=0x00000094e0dfbd38 mode 2

Classes redefined (4 events):
Event: 499.283 Thread 0x000001eb99b45000 redefined class name=com.example.demo.ArrayTest, count=1
Event: 646.459 Thread 0x000001eb99b45000 redefined class name=com.example.demo.ArrayTest, count=2
Event: 876.005 Thread 0x000001eb99b45000 redefined class name=com.example.demo.ArrayTest, count=3
Event: 1000.742 Thread 0x000001eb99b45000 redefined class name=com.example.demo.ArrayTest, count=4

Internal exceptions (20 events):
Event: 1.301 Thread 0x000001ebfab09000 Exception <a 'java/lang/NoSuchMethodError'{0x000000008f8a9d90}: 'java.lang.Object java.lang.invoke.DirectMethodHandle$Holder.invokeStaticInit(java.lang.Object, java.lang.Object, java.lang.Object)'> (0x000000008f8a9d90) thrown at [./src/hotspot/share/interpreter/linkResolver.cpp, line 773]
Event: 1.302 Thread 0x000001ebfab09000 Exception <a 'java/lang/NoSuchMethodError'{0x000000008f8b0540}: 'void java.lang.invoke.DirectMethodHandle$Holder.invokeStaticInit(java.lang.Object, java.lang.Object, java.lang.Object)'> (0x000000008f8b0540) thrown at [./src/hotspot/share/interpreter/linkResolver.cpp, line 773]
Event: 1.403 Thread 0x000001ebfab09000 Exception <a 'java/lang/NoSuchMethodError'{0x0000000090ca3e08}: 'java.lang.Object java.lang.invoke.DirectMethodHandle$Holder.invokeSpecialIFC(java.lang.Object, java.lang.Object, java.lang.Object, java.lang.Object)'> (0x0000000090ca3e08) thrown at [./src/hotspot/share/interpreter/linkResolver.cpp, line 773]
Event: 1.408 Thread 0x000001ebfab09000 Exception <a 'java/lang/NoSuchMethodError'{0x0000000090ccb358}: 'java.lang.Object java.lang.invoke.DirectMethodHandle$Holder.invokeInterface(java.lang.Object, java.lang.Object, java.lang.Object)'> (0x0000000090ccb358) thrown at [./src/hotspot/share/interpreter/linkResolver.cpp, line 773]
Event: 1.434 Thread 0x000001ebfab09000 Exception <a 'java/lang/NoSuchMethodError'{0x0000000090a0acb0}: 'java.lang.Object java.lang.invoke.Invokers$Holder.linkToTargetMethod(java.lang.Object, java.lang.Object, java.lang.Object, java.lang.Object, java.lang.Object, java.lang.Object)'> (0x0000000090a0acb0) thrown at [./src/hotspot/share/interpreter/linkResolver.cpp, line 773]
Event: 1.444 Thread 0x000001ebfab09000 Exception <a 'java/lang/IncompatibleClassChangeError'{0x0000000090ab37f0}: Found class java.lang.Object, but interface was expected> (0x0000000090ab37f0) thrown at [./src/hotspot/share/interpreter/linkResolver.cpp, line 839]
Event: 1.453 Thread 0x000001ebfab09000 Exception <a 'java/lang/IncompatibleClassChangeError'{0x0000000090919380}: Found class java.lang.Object, but interface was expected> (0x0000000090919380) thrown at [./src/hotspot/share/interpreter/linkResolver.cpp, line 839]
Event: 1.472 Thread 0x000001ebfab09000 Exception <a 'java/lang/NoSuchMethodError'{0x00000000909d09d8}: 'void java.lang.invoke.DirectMethodHandle$Holder.invokeSpecial(java.lang.Object, java.lang.Object, java.lang.Object, java.lang.Object, java.lang.Object)'> (0x00000000909d09d8) thrown at [./src/hotspot/share/interpreter/linkResolver.cpp, line 773]
Event: 1.500 Thread 0x000001ebfab09000 Exception <a 'java/lang/NoSuchMethodError'{0x00000000908c4b18}: 'java.lang.Object java.lang.invoke.Invokers$Holder.linkToTargetMethod(java.lang.Object, int, java.lang.Object)'> (0x00000000908c4b18) thrown at [./src/hotspot/share/interpreter/linkResolver.cpp, line 773]
Event: 1.512 Thread 0x000001ebfab09000 Exception <a 'java/lang/NoSuchMethodError'{0x00000000907440c8}: 'void java.lang.invoke.DirectMethodHandle$Holder.invokeInterface(java.lang.Object, java.lang.Object, java.lang.Object, java.lang.Object)'> (0x00000000907440c8) thrown at [./src/hotspot/share/interpreter/linkResolver.cpp, line 773]
Event: 1.512 Thread 0x000001ebfab09000 Exception <a 'java/lang/IncompatibleClassChangeError'{0x0000000090746e88}: Found class java.lang.Object, but interface was expected> (0x0000000090746e88) thrown at [./src/hotspot/share/interpreter/linkResolver.cpp, line 839]
Event: 1.515 Thread 0x000001ebfab09000 Exception <a 'java/lang/NoSuchMethodError'{0x000000009076f620}: 'void java.lang.invoke.DirectMethodHandle$Holder.invokeStatic(java.lang.Object, java.lang.Object, java.lang.Object, java.lang.Object)'> (0x000000009076f620) thrown at [./src/hotspot/share/interpreter/linkResolver.cpp, line 773]
Event: 1.535 Thread 0x000001ebfab09000 Exception <a 'java/lang/NoSuchMethodError'{0x00000000906ae2c0}: 'int java.lang.invoke.DirectMethodHandle$Holder.invokeStatic(java.lang.Object, java.lang.Object, java.lang.Object, java.lang.Object, java.lang.Object)'> (0x00000000906ae2c0) thrown at [./src/hotspot/share/interpreter/linkResolver.cpp, line 773]
Event: 1.549 Thread 0x000001ebfab09000 Exception <a 'java/lang/NoSuchMethodError'{0x0000000090563338}: 'void java.lang.invoke.DirectMethodHandle$Holder.invokeStaticInit(java.lang.Object)'> (0x0000000090563338) thrown at [./src/hotspot/share/interpreter/linkResolver.cpp, line 773]
Event: 1.557 Thread 0x000001ebfab09000 Exception <a 'java/lang/NoSuchMethodError'{0x00000000905bf5a0}: 'void java.lang.invoke.DirectMethodHandle$Holder.invokeSpecial(java.lang.Object, java.lang.Object)'> (0x00000000905bf5a0) thrown at [./src/hotspot/share/interpreter/linkResolver.cpp, line 773]
Event: 1.589 Thread 0x000001ebfab09000 Exception <a 'java/lang/NoSuchMethodError'{0x0000000090201550}: 'int java.lang.invoke.DirectMethodHandle$Holder.invokeStaticInit(java.lang.Object, java.lang.Object)'> (0x0000000090201550) thrown at [./src/hotspot/share/interpreter/linkResolver.cpp, line 773]
Event: 1.627 Thread 0x000001ebfab09000 Exception <a 'java/lang/NoSuchMethodError'{0x000000009015beb0}: 'void java.lang.invoke.DirectMethodHandle$Holder.invokeStatic(java.lang.Object, java.lang.Object, java.lang.Object, java.lang.Object, java.lang.Object)'> (0x000000009015beb0) thrown at [./src/hotspot/share/interpreter/linkResolver.cpp, line 773]
Event: 1.628 Thread 0x000001ebfab09000 Exception <a 'java/lang/NoSuchMethodError'{0x000000009016a2f8}: 'java.lang.Object java.lang.invoke.Invokers$Holder.linkToTargetMethod(java.lang.Object, java.lang.Object, java.lang.Object, java.lang.Object, java.lang.Object, java.lang.Object, java.lang.Object)'> (0x000000009016a2f8) thrown at [./src/hotspot/share/interpreter/linkResolver.cpp, line 773]
Event: 1.629 Thread 0x000001ebfab09000 Exception <a 'java/lang/NoSuchMethodError'{0x0000000090170008}: 'java.lang.Object java.lang.invoke.DirectMethodHandle$Holder.invokeInterface(java.lang.Object, java.lang.Object, java.lang.Object, java.lang.Object, java.lang.Object)'> (0x0000000090170008) thrown at [./src/hotspot/share/interpreter/linkResolver.cpp, line 773]
Event: 1.629 Thread 0x000001ebfab09000 Exception <a 'java/lang/IncompatibleClassChangeError'{0x0000000090173760}: Found class java.lang.Object, but interface was expected> (0x0000000090173760) thrown at [./src/hotspot/share/interpreter/linkResolver.cpp, line 839]

Events (20 events):
Event: 1158.934 Executing VM operation: GetOrSetLocal done
Event: 1158.934 Executing VM operation: GetOrSetLocal
Event: 1158.935 Executing VM operation: GetOrSetLocal done
Event: 1158.935 Executing VM operation: GetOrSetLocal
Event: 1158.935 Executing VM operation: GetOrSetLocal done
Event: 1158.935 Executing VM operation: GetOrSetLocal
Event: 1158.935 Executing VM operation: GetOrSetLocal done
Event: 1158.936 Executing VM operation: GetOrSetLocal
Event: 1158.936 Executing VM operation: GetOrSetLocal done
Event: 1158.943 Executing VM operation: GetOrSetLocal
Event: 1158.943 Executing VM operation: GetOrSetLocal done
Event: 1158.944 Executing VM operation: GetOrSetLocal
Event: 1158.944 Executing VM operation: GetOrSetLocal done
Event: 1158.970 Executing VM operation: GetOrSetLocal
Event: 1158.970 Executing VM operation: GetOrSetLocal done
Event: 1158.970 Executing VM operation: GetOrSetLocal
Event: 1158.970 Executing VM operation: GetOrSetLocal done
Event: 1163.685 Executing VM operation: ChangeBreakpoints
Event: 1163.686 Executing VM operation: ChangeBreakpoints done
Event: 1166.949 Executing VM operation: GetOrSetLocal


Dynamic libraries:
0x00007ff783580000 - 0x00007ff78358d000 	C:\Program Files\Eclipse Adoptium\jdk-11.0.14.101-hotspot\bin\javaw.exe
0x00007fffa4390000 - 0x00007fffa45a7000 	C:\WINDOWS\SYSTEM32\ntdll.dll
0x00007fffa2a60000 - 0x00007fffa2b24000 	C:\WINDOWS\System32\KERNEL32.DLL
0x00007fffa1790000 - 0x00007fffa1b36000 	C:\WINDOWS\System32\KERNELBASE.dll
0x00007fffa1fd0000 - 0x00007fffa20e1000 	C:\WINDOWS\System32\ucrtbase.dll
0x00007fff8fac0000 - 0x00007fff8fad7000 	C:\Program Files\Eclipse Adoptium\jdk-11.0.14.101-hotspot\bin\jli.dll
0x00007fff8fe50000 - 0x00007fff8fe65000 	C:\Program Files\Eclipse Adoptium\jdk-11.0.14.101-hotspot\bin\VCRUNTIME140.dll
0x00007fffa3e90000 - 0x00007fffa403d000 	C:\WINDOWS\System32\USER32.dll
0x00007fffa1b40000 - 0x00007fffa1b66000 	C:\WINDOWS\System32\win32u.dll
0x00007fff97900000 - 0x00007fff97b93000 	C:\WINDOWS\WinSxS\amd64_microsoft.windows.common-controls_6595b64144ccf1df_6.0.22621.2361_none_2712ced57382f843\COMCTL32.dll
0x00007fffa2a30000 - 0x00007fffa2a59000 	C:\WINDOWS\System32\GDI32.dll
0x00007fffa1e10000 - 0x00007fffa1f28000 	C:\WINDOWS\System32\gdi32full.dll
0x00007fffa2b30000 - 0x00007fffa2bd7000 	C:\WINDOWS\System32\msvcrt.dll
0x00007fffa1f30000 - 0x00007fffa1fca000 	C:\WINDOWS\System32\msvcp_win.dll
0x00007fffa3e00000 - 0x00007fffa3e31000 	C:\WINDOWS\System32\IMM32.DLL
0x00007fff8a090000 - 0x00007fff8a12b000 	C:\Program Files\Eclipse Adoptium\jdk-11.0.14.101-hotspot\bin\msvcp140.dll
0x00007fff0b480000 - 0x00007fff0c001000 	C:\Program Files\Eclipse Adoptium\jdk-11.0.14.101-hotspot\bin\server\jvm.dll
0x00007fffa4150000 - 0x00007fffa4200000 	C:\WINDOWS\System32\ADVAPI32.dll
0x00007fffa2840000 - 0x00007fffa28e6000 	C:\WINDOWS\System32\sechost.dll
0x00007fffa20f0000 - 0x00007fffa2207000 	C:\WINDOWS\System32\RPCRT4.dll
0x00007fffa2830000 - 0x00007fffa2838000 	C:\WINDOWS\System32\PSAPI.DLL
0x00007fff8b2c0000 - 0x00007fff8b2c9000 	C:\WINDOWS\SYSTEM32\WSOCK32.dll
0x00007fffa4040000 - 0x00007fffa40b1000 	C:\WINDOWS\System32\WS2_32.dll
0x00007fff988b0000 - 0x00007fff988ba000 	C:\WINDOWS\SYSTEM32\VERSION.dll
0x00007fff989d0000 - 0x00007fff98a04000 	C:\WINDOWS\SYSTEM32\WINMM.dll
0x00007fffa0840000 - 0x00007fffa0858000 	C:\WINDOWS\SYSTEM32\kernel.appcore.dll
0x00007fff9cfa0000 - 0x00007fff9cfb0000 	C:\Program Files\Eclipse Adoptium\jdk-11.0.14.101-hotspot\bin\verify.dll
0x00007fff97c70000 - 0x00007fff97e9e000 	C:\WINDOWS\SYSTEM32\DBGHELP.DLL
0x00007fffa24a0000 - 0x00007fffa282a000 	C:\WINDOWS\System32\combase.dll
0x00007fffa2950000 - 0x00007fffa2a27000 	C:\WINDOWS\System32\OLEAUT32.dll
0x00007fff93520000 - 0x00007fff93552000 	C:\WINDOWS\SYSTEM32\dbgcore.DLL
0x00007fffa1710000 - 0x00007fffa178a000 	C:\WINDOWS\System32\bcryptPrimitives.dll
0x00007fff8b4e0000 - 0x00007fff8b508000 	C:\Program Files\Eclipse Adoptium\jdk-11.0.14.101-hotspot\bin\java.dll
0x00007fff9cf80000 - 0x00007fff9cf8a000 	C:\Program Files\Eclipse Adoptium\jdk-11.0.14.101-hotspot\bin\jimage.dll
0x00007fff8ae20000 - 0x00007fff8ae58000 	C:\Program Files\Eclipse Adoptium\jdk-11.0.14.101-hotspot\bin\jdwp.dll
0x00007fff96d10000 - 0x00007fff96d1e000 	C:\Program Files\Eclipse Adoptium\jdk-11.0.14.101-hotspot\bin\instrument.dll
0x00007fff8b440000 - 0x00007fff8b458000 	C:\Program Files\Eclipse Adoptium\jdk-11.0.14.101-hotspot\bin\zip.dll
0x00007fffa2be0000 - 0x00007fffa3438000 	C:\WINDOWS\System32\SHELL32.dll
0x00007fff9f680000 - 0x00007fff9ff72000 	C:\WINDOWS\SYSTEM32\windows.storage.dll
0x00007fff9f540000 - 0x00007fff9f67e000 	C:\WINDOWS\SYSTEM32\wintypes.dll
0x00007fffa3c40000 - 0x00007fffa3d33000 	C:\WINDOWS\System32\SHCORE.dll
0x00007fffa2210000 - 0x00007fffa226e000 	C:\WINDOWS\System32\shlwapi.dll
0x00007fffa1640000 - 0x00007fffa1666000 	C:\WINDOWS\SYSTEM32\profapi.dll
0x00007fff93630000 - 0x00007fff9363a000 	C:\Program Files\Eclipse Adoptium\jdk-11.0.14.101-hotspot\bin\dt_socket.dll
0x00007fffa0cc0000 - 0x00007fffa0d29000 	C:\WINDOWS\System32\mswsock.dll
0x00007fffa0280000 - 0x00007fffa0379000 	C:\WINDOWS\SYSTEM32\DNSAPI.dll
0x00007fffa0250000 - 0x00007fffa027d000 	C:\WINDOWS\SYSTEM32\IPHLPAPI.DLL
0x00007fffa3df0000 - 0x00007fffa3df9000 	C:\WINDOWS\System32\NSI.dll
0x00007fff993e0000 - 0x00007fff99464000 	C:\WINDOWS\System32\fwpuclnt.dll
0x00007fff9a500000 - 0x00007fff9a50a000 	C:\Windows\System32\rasadhlp.dll
0x00007fff8b3b0000 - 0x00007fff8b3c9000 	C:\Program Files\Eclipse Adoptium\jdk-11.0.14.101-hotspot\bin\net.dll
0x00007fff9b520000 - 0x00007fff9b657000 	C:\WINDOWS\SYSTEM32\WINHTTP.dll
0x00007fff8b0a0000 - 0x00007fff8b0b3000 	C:\Program Files\Eclipse Adoptium\jdk-11.0.14.101-hotspot\bin\nio.dll

dbghelp: loaded successfully - version: 4.0.5 - missing functions: none
symbol engine: initialized successfully - sym options: 0x614 - pdb path: .;C:\Program Files\Eclipse Adoptium\jdk-11.0.14.101-hotspot\bin;C:\WINDOWS\SYSTEM32;C:\WINDOWS\WinSxS\amd64_microsoft.windows.common-controls_6595b64144ccf1df_6.0.22621.2361_none_2712ced57382f843;C:\Program Files\Eclipse Adoptium\jdk-11.0.14.101-hotspot\bin\server

VM Arguments:
jvm_args: -agentlib:jdwp=transport=dt_socket,suspend=y,address=localhost:56123 -ea -javaagent:C:\Users\j5577\Desktop\eclipse\configuration\org.eclipse.osgi\422\0\.cp\lib\javaagent-shaded.jar -Dfile.encoding=MS950 
java_command: org.eclipse.jdt.internal.junit.runner.RemoteTestRunner -version 3 -port 56122 -testLoaderClass org.eclipse.jdt.internal.junit5.runner.JUnit5TestLoader -loaderpluginname org.eclipse.jdt.junit5.runtime -classNames com.example.demo.ArrayTest
java_class_path (initial): C:\Users\j5577\Desktop\Java Project\demo\bin\main;C:\Users\j5577\Desktop\Java Project\demo\bin\test;\demo\bin\default;C:\Users\j5577\.gradle\caches\modules-2\files-2.1\org.springframework.boot\spring-boot-starter\2.7.17\1924c65f5e42bbdadfbbd11b8abad5ac1fcbdaf\spring-boot-starter-2.7.17.jar;C:\Users\j5577\.gradle\caches\modules-2\files-2.1\org.springframework.boot\spring-boot-autoconfigure\2.7.17\8542fed23059bc0c746cd05ed5eda4a86f66c8cf\spring-boot-autoconfigure-2.7.17.jar;C:\Users\j5577\.gradle\caches\modules-2\files-2.1\org.springframework.boot\spring-boot\2.7.17\b686330883c83d4cdd684b4b0e382870ed1594f0\spring-boot-2.7.17.jar;C:\Users\j5577\.gradle\caches\modules-2\files-2.1\org.springframework.boot\spring-boot-starter-logging\2.7.17\1e5b6dee6fa2d8e327c025ca007a954bc00a88f6\spring-boot-starter-logging-2.7.17.jar;C:\Users\j5577\.gradle\caches\modules-2\files-2.1\jakarta.annotation\jakarta.annotation-api\1.3.5\59eb84ee0d616332ff44aba065f3888cf002cd2d\jakarta.annotation-api-1.3.5.jar;C:\Users\j5577\.gradle\caches\modules-2\files-2.1\org.springframework\spring-context\5.3.30\f57f929a5e4e3ccfc2efb8fc053245e82cc5c983\spring-context-5.3.30.jar;C:\Users\j5577\.gradle\caches\modules-2\files-2.1\org.springframework\spring-aop\5.3.30\1727f2f562fdbdf15c7ae3ed0ff506c20555edfb\spring-aop-5.3.30.jar;C:\Users\j5577\.gradle\caches\modules-2\files-2.1\org.springframework\spring-beans\5.3.30\cb67c4d7a42fbbac5a0991fb3b774f0f0e5c9834\spring-beans-5.3.30.jar;C:\Users\j5577\.gradle\caches\modules-2\files-2.1\org.springframework\spring-expression\5.3.30\c9165dd27c851fd9b8e4b4547c22261ca83388c0\spring-expression-5.3.30.jar;C:\Users\j5577\.gradle\caches\modules-2\files-2.1\org.springframework\spring-core\5.3.30\cd2b09bf9bdb45c3cf2b771317b6dd0d6b2f6a25\spring-core-5.3.30.jar;C:\Users\j5577\.gradle\caches\modules-2\files-2.1\org.yaml\snakeyaml\1.30\8fde7fe2586328ac3c68db92045e1c8759125000\snakeyaml-1.30.jar;C:\Users\j5577\.gradle\caches\modules-2\files-2.1\ch.qos.
Launcher Type: SUN_STANDARD

[Global flags]
     intx CICompilerCount                          = 4                                         {product} {ergonomic}
     uint ConcGCThreads                            = 3                                         {product} {ergonomic}
     uint G1ConcRefinementThreads                  = 10                                        {product} {ergonomic}
   size_t G1HeapRegionSize                         = 1048576                                   {product} {ergonomic}
    uintx GCDrainStackTargetSize                   = 64                                        {product} {ergonomic}
   size_t InitialHeapSize                          = 125829120                                 {product} {ergonomic}
   size_t MarkStackSize                            = 4194304                                   {product} {ergonomic}
   size_t MaxHeapSize                              = 1988100096                                {product} {ergonomic}
   size_t MaxNewSize                               = 1192230912                                {product} {ergonomic}
   size_t MinHeapDeltaBytes                        = 1048576                                   {product} {ergonomic}
    uintx NonNMethodCodeHeapSize                   = 5836300                                {pd product} {ergonomic}
    uintx NonProfiledCodeHeapSize                  = 122910970                              {pd product} {ergonomic}
    uintx ProfiledCodeHeapSize                     = 122910970                              {pd product} {ergonomic}
    uintx ReservedCodeCacheSize                    = 251658240                              {pd product} {ergonomic}
     bool SegmentedCodeCache                       = true                                      {product} {ergonomic}
     bool UseCompressedClassPointers               = true                                 {lp64_product} {ergonomic}
     bool UseCompressedOops                        = true                                 {lp64_product} {ergonomic}
     bool UseG1GC                                  = true                                      {product} {ergonomic}
     bool UseLargePagesIndividualAllocation        = false                                  {pd product} {ergonomic}

Logging:
Log output configuration:
 #0: stdout all=warning uptime,level,tags
 #1: stderr all=off uptime,level,tags

Environment Variables:
PATH=C:/Users/j5577/Desktop/eclipse//plugins/org.eclipse.justj.openjdk.hotspot.jre.full.win32.x86_64_17.0.2.v20220201-1208/jre/bin/server;C:/Users/j5577/Desktop/eclipse//plugins/org.eclipse.justj.openjdk.hotspot.jre.full.win32.x86_64_17.0.2.v20220201-1208/jre/bin;C:\Program Files\Eclipse Adoptium\jdk-11.0.14.101-hotspot\bin;C:\WINDOWS\system32;C:\WINDOWS;C:\WINDOWS\System32\Wbem;C:\WINDOWS\System32\WindowsPowerShell\v1.0\;C:\WINDOWS\System32\OpenSSH\;C:\Program Files\nodejs\;C:\Program Files\Git\cmd;%JAVA_HOME_11%\bin;C:\Users\j5577\AppData\Local\Microsoft\WindowsApps;;C:\Users\j5577\AppData\Local\Programs\Microsoft VS Code\bin;C:\Users\j5577\AppData\Roaming\npm;C:\Users\j5577\Desktop\eclipse;
USERNAME=j5577
OS=Windows_NT
PROCESSOR_IDENTIFIER=AMD64 Family 25 Model 80 Stepping 0, AuthenticAMD



---------------  S Y S T E M  ---------------

OS: Windows 11 , 64 bit Build 22621 (10.0.22621.2428)
OS uptime: 22 days 11:26 hours

CPU:total 12 (initial active 12) (12 cores per cpu, 2 threads per core) family 25 model 80 stepping 0 microcode 0x0, cmov, cx8, fxsr, mmx, sse, sse2, sse3, ssse3, sse4.1, sse4.2, popcnt, avx, avx2, aes, clmul, erms, mmxext, 3dnowpref, lzcnt, sse4a, ht, tsc, tscinvbit, tscinv, bmi1, bmi2, adx, sha, fma

Memory: 4k page, system-wide physical 7583M (1421M free)
TotalPageFile size 12447M (AvailPageFile size 4418M)
current process WorkingSet (physical memory assigned to process): 82M, peak: 88M
current process commit charge ("private bytes"): 218M, peak: 224M

vm_info: OpenJDK 64-Bit Server VM (11.0.14.1+1) for windows-amd64 JRE (11.0.14.1+1), built on Feb  9 2022 01:48:27 by "" with unknown MS VC++:1916

END.
